INFO: ================================================================================
INFO: 🚀 НАЧАЛО СКРАПИНГА: https://www.facebook.com/premierbankso/posts/pfbid08QZAvQEGniaWzLPvfMGhtebL8ANKEW43weHKW3o9si8Jr9ZGEXSkfPxiHFk5oAR1l
INFO: ⏰ Время начала: 2025-12-22T23:11:43.872973
INFO: ================================================================================
INFO: 📦 Этап 1/5: Инициализация браузера...
INFO: ✅ Загружено 3 cookies
INFO: 📥 Этап 2/5: Загрузка страницы...
INFO:    URL: https://m.facebook.com/premierbankso/posts/pfbid08QZAvQEGniaWzLPvfMGhtebL8ANKEW43weHKW3o9si8Jr9ZGEXSkfPxiHFk5oAR1l
INFO: ✅ Страница загружена
INFO: ⏳ Этап 3/5: Ожидание загрузки комментариев (10 секунд)...
INFO: 📜 Этап 4/5: Прокрутка страницы для загрузки комментариев...
INFO: ✅ Прокрутка завершена
INFO: 🔍 Этап 5/5: Извлечение HTML...
INFO: ✅ HTML извлечен, размер: 1,050,463 символов
INFO: 🔒 Браузер закрыт
INFO: 🔧 Парсинг комментариев из HTML...
INFO: Найдено 8 потенциальных элементов комментариев
INFO: Успешно извлечено 8 комментариев из HTML
INFO: 
INFO: 💬 ИЗВЛЕЧЕННЫЕ КОММЕНТАРИИ:
INFO: --------------------------------------------------------------------------------
INFO: 
📝 Комментарий #1:
INFO:    👤 Автор: Premier Bank
INFO:    💭 Текст: Macmiil, ATM-ka Premier Bank waxa uu hadda diyaar kugu yahay Bosaso International Airport. Waxaad ka heli kartaa adeegyo kala duwan sida lacag la bixid, PIN beddelid, la socoshada hadhaaga & adeegyo kale oo muhiim ah.#ATM#Bosaso#PremierBank
INFO: --------------------------------------------------------------------------------
INFO: 
📝 Комментарий #2:
INFO:    👤 Автор: Аноним
INFO:    💭 Текст: Ahmed Kunka
INFO: --------------------------------------------------------------------------------
INFO: 
📝 Комментарий #3:
INFO:    👤 Автор: Аноним
INFO:    💭 Текст: Islaan Tanade Axmed Dirir
INFO: --------------------------------------------------------------------------------
INFO: 
📝 Комментарий #4:
INFO:    👤 Автор: Аноним
INFO:    💭 Текст: Fifeek Man
INFO: --------------------------------------------------------------------------------
INFO: 
📝 Комментарий #5:
INFO:    👤 Автор: Аноним
INFO:    💭 Текст: Aslam Ali Aden
INFO: --------------------------------------------------------------------------------
INFO: 
📝 Комментарий #6:
INFO:    👤 Автор: 4d
INFO:    💭 Текст: Muna Cawin Galal
INFO: --------------------------------------------------------------------------------
INFO: 
📝 Комментарий #7:
INFO:    👤 Автор: Аноним
INFO:    💭 Текст: Jemes Cannes
INFO: --------------------------------------------------------------------------------
INFO: 
📝 Комментарий #8:
INFO:    👤 Автор: Аноним
INFO:    💭 Текст: Faarax Muse
INFO: --------------------------------------------------------------------------------
INFO: 
INFO: ================================================================================
INFO: ✅ СКРАПИНГ ЗАВЕРШЕН УСПЕШНО
INFO:    Статус: completed
INFO:    Найдено комментариев: 8
INFO:    Время выполнения: 16.23 секунд
INFO:    Время завершения: 2025-12-22T23:12:00.104330
INFO: ================================================================================
================================================================================
🌐 Тест парсинга комментариев через БРАУЗЕР (Playwright)
================================================================================
URL: https://www.facebook.com/premierbankso/posts/pfbid08QZAvQEGniaWzLPvfMGhtebL8ANKEW43weHKW3o9si8Jr9ZGEXSkfPxiHFk5oAR1l
--------------------------------------------------------------------------------

⚠️  ВАЖНО: Этот метод использует реальный браузер для рендеринга JavaScript
   Это позволяет извлекать комментарии, которые загружаются динамически.
   Первый запуск может занять время (установка браузера).

✅ Найден файл cookies: cookies.txt

📥 Загружаем страницу через браузер...
   (Это может занять 10-30 секунд)

✅ Успешно!
   Метод: browser_rendering
   Найдено комментариев: 8
   Размер HTML: 1,050,463 символов

💬 Всего найдено 8 комментариев:
--------------------------------------------------------------------------------

1. 👤 Premier Bank
   💭 Macmiil, ATM-ka Premier Bank waxa uu hadda diyaar kugu yahay Bosaso International Airport. Waxaad ka heli kartaa adeegyo kala duwan sida lacag la bixid, PIN beddelid, la socoshada hadhaaga & adeegyo kale oo muhiim ah.#ATM#Bosaso#PremierBank

2. 👤 Аноним
   💭 Ahmed Kunka

3. 👤 Аноним
   💭 Islaan Tanade Axmed Dirir

4. 👤 Аноним
   💭 Fifeek Man

5. 👤 Аноним
   💭 Aslam Ali Aden

6. 👤 4d
   💭 Muna Cawin Galal

7. 👤 Аноним
   💭 Jemes Cannes

8. 👤 Аноним
   💭 Faarax Muse

💾 Комментарии сохранены в файл: scraped_comments.json

================================================================================
✅ Тест завершен!
================================================================================
